<?xml version="1.0" encoding="UTF-8"?>
<testsuite xmlns:xsi="http://www.w3.org/2001/XMLSchema-instance" xsi:noNamespaceSchemaLocation="https://maven.apache.org/surefire/maven-surefire-plugin/xsd/surefire-test-report.xsd" name="TestSuite" time="83.556" tests="14" errors="0" skipped="0" failures="2">
  <properties>
[...]
</properties>
  <testcase name="isBunsSectionCorrectTest on isBunsSectionCorrectTest(BunsSectionTest)" classname="BunsSectionTest" time="10.815"/>
  <testcase name="isConstructorButtonClickCorrectTest on isConstructorButtonClickCorrectTest(ConstructorButtonTest)" classname="ConstructorButtonTest" time="3.933"/>
  <testcase name="isIngredientsSectionCorrectTest on isIngredientsSectionCorrectTest(IngredientsSectionTest)" classname="IngredientsSectionTest" time="3.529"/>
  <testcase name="isLkButtonClickCorrectTest on isLkButtonClickCorrectTest(LkButtonTest)" classname="LkButtonTest" time="14.176">
    <failure message="Expected condition failed: waiting for visibility of element located by By.xpath: .//ul/li[1]/a[@class=&apos;Account_link__2ETsJ text text_type_main-medium text_color_inactive Account_link_active__2opc9&apos; and text()= &apos;Профиль&apos;] (tried for 10 second(s) with 500 milliseconds interval)&#10;Build info: version: &apos;4.7.1&apos;, revision: &apos;c6795baf1a3&apos;&#10;System info: os.name: &apos;Windows 10&apos;, os.arch: &apos;amd64&apos;, os.version: &apos;10.0&apos;, java.version: &apos;11.0.16.1&apos;&#10;Driver info: org.openqa.selenium.chrome.ChromeDriver&#10;Capabilities {acceptInsecureCerts: false, browserName: chrome, browserVersion: 110.0.5481.105, chrome: {chromedriverVersion: 110.0.5481.77 (65ed616c6e8e..., userDataDir: C:\Users\egromova\AppData\L...}, goog:chromeOptions: {debuggerAddress: localhost:49475}, networkConnectionEnabled: false, pageLoadStrategy: normal, platformName: WINDOWS, proxy: Proxy(), se:cdp: ws://localhost:49475/devtoo..., se:cdpVersion: 110.0.5481.105, setWindowRect: true, strictFileInteractability: false, timeouts: {implicit: 0, pageLoad: 300000, script: 30000}, unhandledPromptBehavior: dismiss and notify, webauthn:extension:credBlob: true, webauthn:extension:largeBlob: true, webauthn:virtualAuthenticators: true}&#10;Session ID: 00e8c99e764e8d099df9a9abf5658f25" type="org.openqa.selenium.TimeoutException">org.openqa.selenium.TimeoutException: 
Expected condition failed: waiting for visibility of element located by By.xpath: .//ul/li[1]/a[@class='Account_link__2ETsJ text text_type_main-medium text_color_inactive Account_link_active__2opc9' and text()= 'Профиль'] (tried for 10 second(s) with 500 milliseconds interval)
Build info: version: '4.7.1', revision: 'c6795baf1a3'
System info: os.name: 'Windows 10', os.arch: 'amd64', os.version: '10.0', java.version: '11.0.16.1'
Driver info: org.openqa.selenium.chrome.ChromeDriver
Capabilities {acceptInsecureCerts: false, browserName: chrome, browserVersion: 110.0.5481.105, chrome: {chromedriverVersion: 110.0.5481.77 (65ed616c6e8e..., userDataDir: C:\Users\egromova\AppData\L...}, goog:chromeOptions: {debuggerAddress: localhost:49475}, networkConnectionEnabled: false, pageLoadStrategy: normal, platformName: WINDOWS, proxy: Proxy(), se:cdp: ws://localhost:49475/devtoo..., se:cdpVersion: 110.0.5481.105, setWindowRect: true, strictFileInteractability: false, timeouts: {implicit: 0, pageLoad: 300000, script: 30000}, unhandledPromptBehavior: dismiss and notify, webauthn:extension:credBlob: true, webauthn:extension:largeBlob: true, webauthn:virtualAuthenticators: true}
Session ID: 00e8c99e764e8d099df9a9abf5658f25
	at LkButtonTest.isLkButtonClickCorrectTest(LkButtonTest.java:28)
</failure>
    <system-err><![CDATA[Starting ChromeDriver 110.0.5481.77 (65ed616c6e8ee3fe0ad64fe83796c020644d42af-refs/branch-heads/5481@{#839}) on port 7753
Only local connections are allowed.
Please see https://chromedriver.chromium.org/security-considerations for suggestions on keeping ChromeDriver safe.
ChromeDriver was started successfully.
[1677465037.265][WARNING]: virtual void DevToolsClientImpl::AddListener(DevToolsEventListener *) subscribing a listener to the already connected DevToolsClient. Connection notification will not arrive.
февр. 27, 2023 8:30:37 AM org.openqa.selenium.devtools.CdpVersionFinder findNearestMatch
WARNING: Unable to find an exact match for CDP version 110, so returning the closest version found: 107
]]></system-err>
  </testcase>
  <testcase name="isPasswordCorrectTest on isPasswordCorrectTest(LoginFromLkButtonTest)" classname="LoginFromLkButtonTest" time="4.25"/>
  <testcase name="isLoginFromPasswordRecoverFormCorrectTest on isLoginFromPasswordRecoverFormCorrectTest(LoginFromPasswordRecoverFormTest)" classname="LoginFromPasswordRecoverFormTest" time="4.321"/>
  <testcase name="isLoginLinkOnRegFormCorrectTest on isLoginLinkOnRegFormCorrectTest(LoginFromRegistrationFormTest)" classname="LoginFromRegistrationFormTest" time="4.444"/>
  <testcase name="isLoginToAccountButtonCorrectTest on isLoginToAccountButtonCorrectTest(LoginToAccountButtonTest)" classname="LoginToAccountButtonTest" time="4.12"/>
  <testcase name="isLogoButtonCorrectTest on isLogoButtonCorrectTest(LogoButtonTest)" classname="LogoButtonTest" time="4.313"/>
  <testcase name="isLogoutButtonCorrectTest on isLogoutButtonCorrectTest(LogoutButtonTest)" classname="LogoutButtonTest" time="14.081">
    <failure message="Expected condition failed: waiting for element to be clickable: By.xpath: .//ul/li[3]/button[@class=&apos;Account_button__14Yp3 text text_type_main-medium text_color_inactive&apos; and text()= &apos;Выход&apos;] (tried for 10 second(s) with 500 milliseconds interval)&#10;Build info: version: &apos;4.7.1&apos;, revision: &apos;c6795baf1a3&apos;&#10;System info: os.name: &apos;Windows 10&apos;, os.arch: &apos;amd64&apos;, os.version: &apos;10.0&apos;, java.version: &apos;11.0.16.1&apos;&#10;Driver info: org.openqa.selenium.chrome.ChromeDriver&#10;Capabilities {acceptInsecureCerts: false, browserName: chrome, browserVersion: 110.0.5481.105, chrome: {chromedriverVersion: 110.0.5481.77 (65ed616c6e8e..., userDataDir: C:\Users\egromova\AppData\L...}, goog:chromeOptions: {debuggerAddress: localhost:49640}, networkConnectionEnabled: false, pageLoadStrategy: normal, platformName: WINDOWS, proxy: Proxy(), se:cdp: ws://localhost:49640/devtoo..., se:cdpVersion: 110.0.5481.105, setWindowRect: true, strictFileInteractability: false, timeouts: {implicit: 0, pageLoad: 300000, script: 30000}, unhandledPromptBehavior: dismiss and notify, webauthn:extension:credBlob: true, webauthn:extension:largeBlob: true, webauthn:virtualAuthenticators: true}&#10;Session ID: f9ccdb7ea901b537f05b77124e3e9b22" type="org.openqa.selenium.TimeoutException">org.openqa.selenium.TimeoutException: 
Expected condition failed: waiting for element to be clickable: By.xpath: .//ul/li[3]/button[@class='Account_button__14Yp3 text text_type_main-medium text_color_inactive' and text()= 'Выход'] (tried for 10 second(s) with 500 milliseconds interval)
Build info: version: '4.7.1', revision: 'c6795baf1a3'
System info: os.name: 'Windows 10', os.arch: 'amd64', os.version: '10.0', java.version: '11.0.16.1'
Driver info: org.openqa.selenium.chrome.ChromeDriver
Capabilities {acceptInsecureCerts: false, browserName: chrome, browserVersion: 110.0.5481.105, chrome: {chromedriverVersion: 110.0.5481.77 (65ed616c6e8e..., userDataDir: C:\Users\egromova\AppData\L...}, goog:chromeOptions: {debuggerAddress: localhost:49640}, networkConnectionEnabled: false, pageLoadStrategy: normal, platformName: WINDOWS, proxy: Proxy(), se:cdp: ws://localhost:49640/devtoo..., se:cdpVersion: 110.0.5481.105, setWindowRect: true, strictFileInteractability: false, timeouts: {implicit: 0, pageLoad: 300000, script: 30000}, unhandledPromptBehavior: dismiss and notify, webauthn:extension:credBlob: true, webauthn:extension:largeBlob: true, webauthn:virtualAuthenticators: true}
Session ID: f9ccdb7ea901b537f05b77124e3e9b22
	at LogoutButtonTest.isLogoutButtonCorrectTest(LogoutButtonTest.java:28)
</failure>
    <system-err><![CDATA[Starting ChromeDriver 110.0.5481.77 (65ed616c6e8ee3fe0ad64fe83796c020644d42af-refs/branch-heads/5481@{#839}) on port 2602
Only local connections are allowed.
Please see https://chromedriver.chromium.org/security-considerations for suggestions on keeping ChromeDriver safe.
ChromeDriver was started successfully.
[1677465072.868][WARNING]: virtual void DevToolsClientImpl::AddListener(DevToolsEventListener *) subscribing a listener to the already connected DevToolsClient. Connection notification will not arrive.
февр. 27, 2023 8:31:12 AM org.openqa.selenium.devtools.CdpVersionFinder findNearestMatch
WARNING: Unable to find an exact match for CDP version 110, so returning the closest version found: 107
]]></system-err>
  </testcase>
  <testcase name="isPasswordRegistrationCorrectTest[0] on isPasswordRegistrationCorrectTest[0](PasswordRegistrationTest)" classname="PasswordRegistrationTest" time="3.497"/>
  <testcase name="isPasswordRegistrationCorrectTest[1] on isPasswordRegistrationCorrectTest[1](PasswordRegistrationTest)" classname="PasswordRegistrationTest" time="3.466"/>
  <testcase name="isRegistratedTrueTest on isRegistratedTrueTest(RegistrationTest)" classname="RegistrationTest" time="4.081"/>
  <testcase name="isSousesSectionTest on isSousesSectionTest(SousesSectionTest)" classname="SousesSectionTest" time="3.594"/>
</testsuite>